2025-01-22T11:07:11.082Z [info]: 服务器启动中...
2025-01-22T11:07:44.590Z [info]: 访问主页
2025-01-22T11:30:17.897Z [info]: 服务器启动中...
2025-01-22T20:47:38.270+08:00 [info]: 服务器启动中...
2025-01-22T20:48:45.230+08:00 [info]: 服务器启动中...
2025-01-22T20:53:23.081+08:00 [info]: 服务器启动中...
2025-01-22T21:14:35.905+08:00 [info]: 服务器启动中...
2025-01-22T21:21:19.180+08:00 [info]: 服务器启动中...
2025-01-22T21:23:13.911+08:00 [info]: 服务器启动中...
2025-01-22T21:25:27.071+08:00 [info]: 服务器启动中...
2025-01-25T15:01:33.424+08:00 [info]: 服务器启动中...
2025-01-25T16:45:29.991+08:00 [info]: 服务器启动中...
2025-01-25T16:49:02.748+08:00 [info]: 服务器启动中...
2025-01-25T16:51:14.834+08:00 [info]: 服务器启动中...
2025-01-25T16:52:49.517+08:00 [info]: 服务器启动中...
2025-01-25T16:54:06.744+08:00 [info]: 获取余额成功 {"phoneNumber":"15961844912","balance":0}
2025-01-25T16:54:18.892+08:00 [info]: 获取余额成功 {"phoneNumber":"12345678901","balance":3}
2025-01-25T17:00:07.538+08:00 [info]: 服务器启动中...
2025-01-28T19:07:12.674+08:00 [info]: 服务器启动中...
2025-01-28T20:50:06.679+08:00 [info]: 服务器启动中...
2025-01-28T20:53:36.816+08:00 [info]: 服务器启动中...
2025-01-28T20:56:57.267+08:00 [info]: 服务器启动中...
2025-01-28T20:58:42.311+08:00 [info]: 服务器启动中...
2025-01-28T21:07:32.784+08:00 [info]: 服务器启动中...
2025-01-28T21:08:55.064+08:00 [info]: 获取余额成功 {"phoneNumber":"15961844912","balance":0}
2025-01-28T21:08:55.492+08:00 [info]: 获取余额成功 {"phoneNumber":"15961844912","balance":0}
2025-01-30T18:07:07.520+08:00 [info]: 服务器启动中...
2025-01-30T18:53:49.981+08:00 [info]: 服务器启动中...
2025-01-31T20:10:07.030+08:00 [info]: 服务器启动中...
2025-01-31T20:10:18.084+08:00 [info]: 获取余额成功 {"phoneNumber":"15961844912","balance":0}
2025-02-01T15:06:32.628+08:00 [info]: 服务器启动中...
2025-02-01T15:07:02.062+08:00 [info]: 获取余额成功 {"phoneNumber":"15961844912","balance":0}
2025-02-01T15:54:07.512+08:00 [info]: 服务器启动中...
2025-02-01T18:10:54.543+08:00 [info]: 服务器启动中...
2025-02-18T14:11:16.936+08:00 [info]: 服务器启动中...
2025-02-18T14:26:16.601+08:00 [info]: 服务器启动中...
2025-02-18T14:28:08.448+08:00 [info]: 服务器启动中...
2025-02-18T14:34:06.979+08:00 [info]: 服务器启动中...
2025-02-18T14:39:44.178+08:00 [info]: 服务器启动中...
2025-02-18T14:52:24.075+08:00 [info]: 服务器启动中...
2025-02-18T15:03:17.656+08:00 [info]: 服务器启动中...
2025-02-18T15:05:49.409+08:00 [info]: 服务器启动中...
2025-02-18T16:08:01.461+08:00 [info]: 服务器启动中...
2025-02-18T16:22:30.392+08:00 [info]: 服务器启动中...
2025-02-18T16:31:52.165+08:00 [info]: 服务器启动中...
2025-02-19T14:19:22.683+08:00 [info]: 服务器启动中...
2025-02-19T14:34:08.834+08:00 [info]: 服务器启动中...
2025-02-19T14:40:19.891+08:00 [info]: 服务器启动中...
2025-02-19T14:47:45.621+08:00 [info]: 服务器启动中...
2025-02-19T14:54:05.532+08:00 [info]: 服务器启动中...
2025-02-19T14:56:07.480+08:00 [info]: 服务器启动中...
2025-02-19T15:13:33.652+08:00 [info]: 服务器启动中...
2025-02-19T16:07:10.704+08:00 [info]: 服务器启动中...
2025-02-19T16:12:35.999+08:00 [info]: 服务器启动中...
2025-02-19T16:15:32.544+08:00 [info]: 服务器启动中...
2025-02-19T16:16:25.961+08:00 [info]: 服务器启动中...
2025-02-19T16:18:08.885+08:00 [info]: 服务器启动中...
2025-02-19T16:32:26.227+08:00 [info]: 服务器启动中...
2025-02-20T14:35:52.356+08:00 [info]: 服务器启动中...
2025-02-20T14:38:54.104+08:00 [info]: 服务器启动中...
2025-02-20T14:46:37.725+08:00 [info]: 服务器启动中...
2025-02-20T14:53:20.803+08:00 [info]: 服务器启动中...
2025-02-20T14:54:34.380+08:00 [info]: 服务器启动中...
2025-02-20T15:00:16.325+08:00 [info]: 服务器启动中...
2025-02-20T15:22:36.502+08:00 [info]: 服务器启动中...
2025-02-20T15:27:29.711+08:00 [info]: 服务器启动中...
2025-02-21T14:35:51.079+08:00 [info]: 服务器启动中...
2025-02-21T14:39:43.708+08:00 [info]: 服务器启动中...
2025-02-21T15:39:59.098+08:00 [info]: 服务器启动中...
2025-02-22T11:52:17.083+08:00 [info]: 服务器启动中...
2025-02-22T15:13:27.277+08:00 [info]: 服务器启动中...
2025-02-22T15:22:40.922+08:00 [info]: 获取余额成功 {"phoneNumber":"15961844912","balance":0}
2025-02-22T19:25:54.189+08:00 [info]: 服务器启动中...
2025-02-24T14:09:31.241+08:00 [info]: 服务器启动中...
2025-02-24T15:32:55.219+08:00 [info]: 服务器启动中...
2025-02-26T15:12:08.129+08:00 [info]: 服务器启动中...
2025-02-26T15:17:15.176+08:00 [info]: 服务器启动中...
2025-02-26T15:20:24.885+08:00 [info]: 获取余额成功 {"phoneNumber":"12345678901","balance":3}
2025-02-26T16:18:03.586+08:00 [info]: 服务器启动中...
2025-02-26T16:19:26.603+08:00 [info]: 服务器启动中...
2025-02-26T16:28:10.004+08:00 [info]: 获取余额成功 {"phoneNumber":"123","balance":0}
2025-02-26T16:28:29.269+08:00 [info]: 获取余额成功 {"phoneNumber":"09876543210","balance":5}
2025-02-26T16:28:33.414+08:00 [info]: 获取余额成功 {"phoneNumber":"12345678901","balance":3}
2025-02-26T16:36:28.853+08:00 [info]: 服务器启动中...
2025-02-26T16:53:00.439+08:00 [info]: 获取余额成功 {"phoneNumber":"159","balance":0}
2025-02-26T16:53:18.052+08:00 [info]: 余额更新成功 {"phoneNumber":"15961844912","newBalance":100}
2025-02-26T16:53:31.460+08:00 [info]: 获取余额成功 {"phoneNumber":"15961844912","balance":100}
2025-02-26T16:53:31.809+08:00 [info]: 获取余额成功 {"phoneNumber":"15961844912","balance":100}
2025-02-26T16:53:33.682+08:00 [info]: 获取余额成功 {"phoneNumber":"15","balance":0}
2025-02-26T16:53:33.948+08:00 [info]: 获取余额成功 {"phoneNumber":"15","balance":0}
2025-02-26T16:54:38.617+08:00 [info]: 服务器启动中...
2025-02-28T14:10:39.663+08:00 [info]: 服务器启动中...
2025-02-28T16:50:08.758+08:00 [info]: 服务器启动中...
2025-02-28T17:00:56.629+08:00 [info]: 服务器启动中...
2025-03-01T13:04:22.876+08:00 [info]: 服务器启动中...
2025-03-03T17:55:18.286+08:00 [info]: 服务器启动中...
2025-03-03T18:00:19.688+08:00 [info]: 服务器启动中...
2025-03-03T18:17:32.894+08:00 [info]: 服务器启动中...
2025-03-03T19:05:43.888+08:00 [info]: 服务器启动中...
2025-03-03T19:07:21.057+08:00 [info]: 服务器启动中...
2025-03-03T19:33:30.286+08:00 [info]: 服务器启动中...
2025-03-03T19:43:48.333+08:00 [info]: 服务器启动中...
2025-03-03T19:45:47.650+08:00 [info]: 服务器启动中...
2025-03-03T19:47:29.130+08:00 [info]: 服务器启动中...
2025-03-03T19:51:01.800+08:00 [info]: 服务器启动中...
2025-03-03T19:55:28.274+08:00 [info]: 服务器启动中...
2025-03-03T19:58:58.691+08:00 [info]: 服务器启动中...
2025-03-03T19:59:27.161+08:00 [error]: 查询订单失败 {"error":"Operation `orders.find()` buffering timed out after 10000ms"}
2025-03-03T20:01:52.342+08:00 [info]: 服务器启动中...
2025-03-03 21:16:10.557 [info]: 服务器启动中...
2025-03-04 13:10:36.229 [info]: 服务器启动中...
2025-03-04 14:32:44.711 [info]: 服务器启动中...
2025-03-04 14:54:25.340 [info]: 服务器启动中...
2025-03-04 14:56:00.346 [info]: 服务器启动中...
2025-03-06 17:45:12.971 [info]: 服务器启动中...
2025-03-06 17:56:25.162 [info]: 服务器启动中...
2025-03-07 14:26:32.608 [info]: 服务器启动中...
2025-03-07 14:29:30.859 [info]: 服务器启动中...
2025-03-07 14:41:29.348 [info]: 服务器启动中...
2025-03-07 18:41:57.469 [info]: 服务器启动中...
2025-03-07 18:45:05.607 [info]: 服务器启动中...
2025-03-07 18:48:05.862 [info]: 服务器启动中...
2025-03-07 18:53:59.671 [info]: 服务器启动中...
2025-03-07 18:54:11.912 [info]: 服务器启动中...
2025-03-07 18:59:53.078 [info]: 服务器启动中...
2025-03-07 19:04:16.850 [info]: 服务器启动中...
2025-03-07 19:05:35.622 [info]: 服务器启动中...
2025-03-07 19:10:58.203 [info]: 服务器启动中...
2025-03-07 19:12:02.408 [info]: 服务器启动中...
2025-03-07 19:13:32.842 [info]: 服务器启动中...
2025-03-07 19:14:55.683 [info]: 服务器启动中...
2025-03-07 19:40:02.358 [info]: 服务器启动中...
2025-03-07 19:43:25.614 [info]: 服务器启动中...
2025-03-07 19:46:18.693 [info]: 服务器启动中...
2025-03-09 14:06:38.141 [info]: 服务器启动中...
2025-03-09 14:06:42.742 [info]: 用户 15961844912 余额已更新 {"oldBalance":1.03,"subtractAmount":1,"newBalance":0.030000000000000027}
2025-03-09 15:22:17.706 [info]: 服务器启动中...
2025-03-09 15:22:39.698 [info]: 用户 15961844912 余额已更新 {"oldBalance":0.030000000000000027,"subtractAmount":1,"newBalance":-0.97}
2025-03-09 15:23:05.996 [info]: 用户 15961844912 余额已更新 {"oldBalance":-0.97,"subtractAmount":1,"newBalance":-1.97}
2025-03-09 15:24:48.656 [info]: 用户 15961844912 余额已更新 {"oldBalance":-1.97,"subtractAmount":1,"newBalance":-2.9699999999999998}
2025-03-09 15:24:54.956 [info]: 用户 15961844912 余额已更新 {"oldBalance":-2.9699999999999998,"subtractAmount":1,"newBalance":-3.9699999999999998}
2025-03-09 15:39:11.905 [info]: 服务器启动中...
2025-03-09 15:40:24.950 [info]: 服务器启动中...
2025-03-09 15:45:54.461 [info]: 服务器启动中...
2025-03-09 15:45:58.454 [info]: 用户 15961844912 余额已更新 {"oldBalance":-3.97,"subtractAmount":1,"newBalance":-4.97}
2025-03-09 15:48:23.942 [info]: 用户 13800138000 余额已更新 {"oldBalance":96,"subtractAmount":1,"newBalance":95}
2025-03-09 15:50:37.722 [info]: 用户 13800138000 余额已更新 {"oldBalance":95,"subtractAmount":1,"newBalance":94}
2025-03-09 15:53:54.188 [info]: 用户 13800138000 余额已更新 {"oldBalance":94,"subtractAmount":1,"newBalance":93}
2025-03-09 15:56:13.789 [info]: 服务器启动中...
2025-03-09 15:56:18.502 [info]: 用户 13800138000 余额已更新 {"oldBalance":"93.00","subtractAmount":"2.20","newBalance":"90.80"}
2025-03-09 15:57:04.048 [info]: 获取余额成功 {"phoneNumber":"15961844912","balance":"-4.97"}
2025-03-09 16:19:58.591 [info]: 服务器启动中...
2025-03-09 16:20:26.095 [info]: 服务器启动中...
2025-03-09 16:21:45.244 [info]: 服务器启动中...
2025-03-09 16:23:28.827 [info]: 服务器启动中...
2025-03-09 16:25:02.925 [info]: 服务器启动中...
2025-03-09 23:38:25.563 [info]: 服务器启动中...
2025-03-09 23:39:37.003 [info]: 服务器启动中...
2025-03-09 23:41:04.220 [info]: 服务器启动中...
2025-03-09 23:41:11.177 [info]: 用户 13800138000 余额已更新 {"oldBalance":"90.80","subtractAmount":"2.20","newBalance":"88.60"}
2025-03-13 23:58:58.788 [info]: 服务器启动中...
2025-03-14 00:02:27.328 [info]: 服务器启动中...
2025-03-14 00:04:06.504 [info]: 服务器启动中...
2025-03-14 00:11:40.881 [info]: 服务器启动中...
2025-03-14 00:19:31.163 [info]: 服务器启动中...
2025-03-14 00:22:56.311 [info]: 服务器启动中...
2025-03-14 00:24:22.933 [info]: 服务器启动中...
2025-03-14 00:27:13.021 [info]: 服务器启动中...
2025-03-14 00:30:25.939 [info]: 服务器启动中...
2025-03-14 18:13:45.648 [info]: 服务器启动中...
2025-03-14 18:23:22.364 [info]: 服务器启动中...
2025-03-14 18:28:26.012 [info]: 服务器启动中...
2025-03-15 00:45:51.736 [info]: 服务器启动中...
2025-03-15 01:35:40.457 [info]: 服务器启动中...
2025-03-15 01:39:58.220 [info]: 服务器启动中...
2025-03-24 17:36:09.684 [info]: 服务器启动中...
2025-03-26 20:29:37.116 [info]: 服务器启动中...
2025-03-26 20:35:39.958 [info]: 服务器启动中...
2025-03-26 20:40:16.163 [info]: 服务器启动中...
2025-03-26 20:40:40.475 [info]: 服务器启动中...
2025-03-26 20:41:36.984 [info]: 服务器启动中...
2025-03-26 21:01:22.554 [info]: 服务器启动中...
2025-03-26 21:01:35.314 [info]: 服务器启动中...
2025-03-26 21:02:06.307 [info]: 服务器启动中...
2025-03-26 21:40:09.098 [info]: 服务器启动中...
2025-03-28 22:12:37.657 [info]: 服务器启动中...
2025-03-28 22:13:08.238 [info]: 服务器启动中...
2025-03-28 22:26:17.236 [info]: 服务器启动中...
2025-03-28 22:29:49.929 [info]: 服务器启动中...
2025-03-28 22:36:59.677 [info]: 服务器启动中...
2025-03-28 22:52:12.670 [info]: 服务器启动中...
2025-03-28 22:56:14.228 [info]: 服务器启动中...
2025-03-29 16:17:38.791 [info]: 服务器启动中...
2025-03-29 16:54:22.920 [info]: 服务器启动中...
2025-03-29 17:02:15.728 [info]: 服务器启动中...
2025-03-29 17:02:35.673 [info]: 服务器启动中...
2025-03-29 17:19:13.988 [info]: 服务器启动中...
2025-03-29 17:27:07.131 [info]: 服务器启动中...
2025-04-01 20:24:53.024 [info]: 服务器启动中...
2025-04-01 20:28:43.271 [info]: 服务器启动中...
2025-04-01 20:31:15.826 [info]: 服务器启动中...
2025-04-01 23:19:49.953 [info]: 服务器启动中...
2025-04-01 23:22:29.349 [info]: 服务器启动中...
2025-04-01 23:41:25.211 [info]: 服务器启动中...
2025-04-01 23:41:40.787 [info]: 服务器启动中...
2025-04-01 23:46:54.034 [info]: 服务器启动中...
2025-04-01 23:54:57.318 [info]: 服务器启动中...
2025-04-06 23:45:04.257 [info]: 服务器启动中...
2025-04-07 00:03:36.294 [info]: 服务器启动中...
2025-04-07 00:31:39.895 [info]: 服务器启动中...
2025-04-07 12:30:05.755 [info]: 服务器启动中...
2025-04-07 12:31:59.425 [info]: 服务器启动中...
2025-04-07 12:34:06.303 [info]: 服务器启动中...
2025-04-07 13:42:37.934 [info]: 服务器启动中...
2025-04-10 19:10:38.261 [info]: 服务器启动中...
2025-04-10 20:29:23.085 [info]: 服务器启动中...
2025-04-10 20:43:21.779 [info]: 服务器启动中...
2025-04-10 21:01:08.364 [info]: 服务器启动中...
2025-04-11 18:16:45.471 [info]: 服务器启动中...
2025-04-12 16:46:39.166 [info]: 服务器启动中...
2025-04-14 12:22:54.049 [info]: 服务器启动中...
2025-04-14 12:23:39.469 [info]: 服务器启动中...
2025-04-17 18:52:23.020 [info]: 服务器启动中...
2025-04-17 18:52:50.238 [info]: 服务器启动中...
2025-04-17 18:59:28.552 [info]: 服务器启动中...
2025-04-23 16:09:55.663 [info]: 服务器启动中...
2025-04-23 16:10:11.347 [info]: 服务器启动中...
2025-04-23 16:16:08.793 [info]: 服务器启动中...
2025-04-26 13:00:53.545 [info]: 服务器启动中...
2025-04-26 14:23:45.758 [info]: 服务器启动中...
2025-04-26 14:24:21.767 [info]: 收到二维码支付创建请求 {"phoneNumber":"15961844912","total_fee":5,"combinedId":"station01_port01","selectedHour":1}
2025-04-26 14:24:22.029 [info]: 生成订单号 {"out_trade_no":"8df2452755fd31be6f56b4fd2bd5893a","phoneNumber":"15961844912"}
2026-02-02 10:18:26.022 [error]: 读取用户余额失败 {"error":"querySrv ENOTFOUND _mongodb._tcp.cluster0.3ylz4.mongodb.net"}
2026-02-02 10:18:56.650 [error]: 读取用户余额失败 {"error":"querySrv ENOTFOUND _mongodb._tcp.cluster0.3ylz4.mongodb.net"}
