2025-03-14 00:02:49.263 [info]: 收到MQTT发布请求 {"topic":"/k214fOqXdly/Wechat/user/Wechat","rawMessage":"{\"combinedId\":\"station01_port02\",\"selectedHour\":1,\"Tem\":2}"}
2025-03-14 00:02:49.264 [info]: 解析消息内容 {"combinedId":"station01_port02","selectedHour":1,"Tem":2}
2025-03-14 00:02:49.264 [info]: 构建属性名 {"stationId":"01","portId":"02","temperatureKey":"Temperature01_02","hourKey":"selectedHour01_02"}
2025-03-14 00:02:49.265 [info]: MQTT消息发布成功 {"topic":"/k214fOqXdly/Wechat/user/Wechat","sendData":{"id":"1741881769265","version":"1.0","method":"thing.event.property.post","params":{"Temperature01_02":2,"selectedHour01_02":1}}}
2025-03-14 00:04:30.351 [info]: 收到MQTT发布请求 {"topic":"/k214fOqXdly/Wechat/user/Wechat","rawMessage":"{\"combinedId\":\"station01_port02\",\"selectedHour\":2,\"Tem\":1}"}
2025-03-14 00:04:30.351 [info]: 解析消息内容 {"combinedId":"station01_port02","selectedHour":2,"Tem":1}
2025-03-14 00:04:30.352 [info]: 构建属性名 {"stationId":"01","portId":"02","temperatureKey":"Temperature01_02","hourKey":"selectedHour01_02"}
2025-03-14 00:04:30.353 [info]: MQTT消息发布成功 {"topic":"/k214fOqXdly/Wechat/user/Wechat","sendData":{"id":"1741881870352","version":"1.0","method":"thing.event.property.post","params":{"Temperature01_02":1,"selectedHour01_02":2}}}
2025-04-01 23:47:04.835 [info]: 收到MQTT发布请求 {"topic":"/k214fOqXdly/Wechat/user/Wechat","rawMessage":"{\"combinedId\":\"station01_port01\",\"selectedHour\":1,\"Tem\":1}"}
2025-04-01 23:47:04.836 [info]: 解析消息内容 {"combinedId":"station01_port01","selectedHour":1,"Tem":1}
2025-04-01 23:47:04.837 [info]: 构建属性名 {"stationId":"01","portId":"01","temperatureKey":"Temperature01_01","hourKey":"selectedHour01_01"}
2025-04-01 23:47:04.838 [info]: MQTT消息发布成功 {"topic":"/k214fOqXdly/Wechat/user/Wechat","sendData":{"id":"1743522424838","version":"1.0","method":"thing.event.property.post","params":{"Temperature01_01":1,"selectedHour01_01":1}}}
2025-04-01 23:48:08.168 [info]: 收到MQTT发布请求 {"topic":"/k214fOqXdly/Wechat/user/Wechat","rawMessage":"{\"combinedId\":\"station01_port01\",\"selectedHour\":1,\"Tem\":1}"}
2025-04-01 23:48:08.168 [info]: 解析消息内容 {"combinedId":"station01_port01","selectedHour":1,"Tem":1}
2025-04-01 23:48:08.169 [info]: 构建属性名 {"stationId":"01","portId":"01","temperatureKey":"Temperature01_01","hourKey":"selectedHour01_01"}
2025-04-01 23:48:08.169 [info]: MQTT消息发布成功 {"topic":"/k214fOqXdly/Wechat/user/Wechat","sendData":{"id":"1743522488169","version":"1.0","method":"thing.event.property.post","params":{"Temperature01_01":1,"selectedHour01_01":1}}}
2025-04-01 23:49:54.258 [info]: 收到MQTT发布请求 {"topic":"/k214fOqXdly/Wechat/user/Wechat","rawMessage":"{\"combinedId\":\"station01_port01\",\"selectedHour\":1,\"Tem\":1}"}
2025-04-01 23:49:54.258 [info]: 解析消息内容 {"combinedId":"station01_port01","selectedHour":1,"Tem":1}
2025-04-01 23:49:54.258 [info]: 构建属性名 {"stationId":"01","portId":"01","temperatureKey":"Temperature01_01","hourKey":"selectedHour01_01"}
2025-04-01 23:49:54.259 [info]: MQTT消息发布成功 {"topic":"/k214fOqXdly/Wechat/user/Wechat","sendData":{"id":"1743522594259","version":"1.0","method":"thing.event.property.post","params":{"Temperature01_01":1,"selectedHour01_01":1}}}
2025-04-01 23:55:41.237 [info]: 收到MQTT发布请求 {"topic":"/k214fOqXdly/Wechat/user/Wechat","rawMessage":"{\"combinedId\":\"station01_port01\",\"selectedHour\":1,\"Tem\":1}"}
2025-04-01 23:55:41.237 [info]: 解析消息内容 {"combinedId":"station01_port01","selectedHour":1,"Tem":1}
2025-04-01 23:55:41.237 [info]: 构建属性名 {"stationId":"01","portId":"01","temperatureKey":"Temperature01_01","hourKey":"selectedHour01_01"}
2025-04-01 23:55:41.238 [info]: MQTT消息发布成功 {"topic":"/k214fOqXdly/Wechat/user/Wechat","sendData":{"id":"1743522941238","version":"1.0","method":"thing.event.property.post","params":{"Temperature01_01":1,"selectedHour01_01":1}}}
2025-04-02 00:01:01.080 [info]: 收到MQTT发布请求 {"topic":"/k214fOqXdly/Wechat/user/Wechat","rawMessage":"{\"combinedId\":\"station01_port01\",\"selectedHour\":1,\"Tem\":1}"}
2025-04-02 00:01:01.080 [info]: 解析消息内容 {"combinedId":"station01_port01","selectedHour":1,"Tem":1}
2025-04-02 00:01:01.081 [info]: 构建属性名 {"stationId":"01","portId":"01","temperatureKey":"Temperature01_01","hourKey":"selectedHour01_01"}
2025-04-02 00:01:01.081 [info]: MQTT消息发布成功 {"topic":"/k214fOqXdly/Wechat/user/Wechat","sendData":{"id":"1743523261081","version":"1.0","method":"thing.event.property.post","params":{"Temperature01_01":1,"selectedHour01_01":1}}}
2025-04-02 00:01:15.372 [info]: 收到MQTT发布请求 {"topic":"/k214fOqXdly/Wechat/user/Wechat","rawMessage":"{\"combinedId\":\"station01_port01\",\"selectedHour\":1,\"Tem\":1}"}
2025-04-02 00:01:15.372 [info]: 解析消息内容 {"combinedId":"station01_port01","selectedHour":1,"Tem":1}
2025-04-02 00:01:15.373 [info]: 构建属性名 {"stationId":"01","portId":"01","temperatureKey":"Temperature01_01","hourKey":"selectedHour01_01"}
2025-04-02 00:01:15.373 [info]: MQTT消息发布成功 {"topic":"/k214fOqXdly/Wechat/user/Wechat","sendData":{"id":"1743523275373","version":"1.0","method":"thing.event.property.post","params":{"Temperature01_01":1,"selectedHour01_01":1}}}
2025-04-02 00:01:25.058 [info]: 收到MQTT发布请求 {"topic":"/k214fOqXdly/Wechat/user/Wechat","rawMessage":"{\"combinedId\":\"station01_port01\",\"selectedHour\":1,\"Tem\":1}"}
2025-04-02 00:01:25.059 [info]: 解析消息内容 {"combinedId":"station01_port01","selectedHour":1,"Tem":1}
2025-04-02 00:01:25.059 [info]: 构建属性名 {"stationId":"01","portId":"01","temperatureKey":"Temperature01_01","hourKey":"selectedHour01_01"}
2025-04-02 00:01:25.060 [info]: MQTT消息发布成功 {"topic":"/k214fOqXdly/Wechat/user/Wechat","sendData":{"id":"1743523285059","version":"1.0","method":"thing.event.property.post","params":{"Temperature01_01":1,"selectedHour01_01":1}}}
2025-04-02 00:01:28.234 [info]: 收到MQTT发布请求 {"topic":"/k214fOqXdly/Wechat/user/Wechat","rawMessage":"{\"combinedId\":\"station01_port01\",\"selectedHour\":1,\"Tem\":1}"}
2025-04-02 00:01:28.234 [info]: 解析消息内容 {"combinedId":"station01_port01","selectedHour":1,"Tem":1}
2025-04-02 00:01:28.235 [info]: 构建属性名 {"stationId":"01","portId":"01","temperatureKey":"Temperature01_01","hourKey":"selectedHour01_01"}
2025-04-02 00:01:28.235 [info]: MQTT消息发布成功 {"topic":"/k214fOqXdly/Wechat/user/Wechat","sendData":{"id":"1743523288235","version":"1.0","method":"thing.event.property.post","params":{"Temperature01_01":1,"selectedHour01_01":1}}}
2025-04-02 00:01:52.994 [info]: 收到MQTT发布请求 {"topic":"/k214fOqXdly/Wechat/user/Wechat","rawMessage":"{\"combinedId\":\"station01_port01\",\"selectedHour\":1,\"Tem\":1}"}
2025-04-02 00:01:52.995 [info]: 解析消息内容 {"combinedId":"station01_port01","selectedHour":1,"Tem":1}
2025-04-02 00:01:52.995 [info]: 构建属性名 {"stationId":"01","portId":"01","temperatureKey":"Temperature01_01","hourKey":"selectedHour01_01"}
2025-04-02 00:01:52.996 [info]: MQTT消息发布成功 {"topic":"/k214fOqXdly/Wechat/user/Wechat","sendData":{"id":"1743523312995","version":"1.0","method":"thing.event.property.post","params":{"Temperature01_01":1,"selectedHour01_01":1}}}
2025-04-07 00:03:55.168 [info]: 收到MQTT发布请求 {"topic":"/k214fOqXdly/Wechat/user/Wechat","rawMessage":"{\"combinedId\":\"station01_port01\",\"selectedHour\":1,\"Tem\":1}"}
2025-04-07 00:03:55.169 [info]: 解析消息内容 {"combinedId":"station01_port01","selectedHour":1,"Tem":1}
2025-04-07 00:03:55.170 [info]: 构建属性名 {"stationId":"01","portId":"01","temperatureKey":"Temperature01_01","hourKey":"selectedHour01_01"}
2025-04-07 00:03:55.171 [info]: MQTT消息发布成功 {"topic":"/k214fOqXdly/Wechat/user/Wechat","sendData":{"id":"1743955435170","version":"1.0","method":"thing.event.property.post","params":{"Temperature01_01":1,"selectedHour01_01":1}}}
2025-04-07 00:06:27.110 [info]: 收到MQTT发布请求 {"topic":"/k214fOqXdly/Wechat/user/Wechat","rawMessage":"{\"combinedId\":\"station01_port01\",\"selectedHour\":1,\"Tem\":1}"}
2025-04-07 00:06:27.110 [info]: 解析消息内容 {"combinedId":"station01_port01","selectedHour":1,"Tem":1}
2025-04-07 00:06:27.111 [info]: 构建属性名 {"stationId":"01","portId":"01","temperatureKey":"Temperature01_01","hourKey":"selectedHour01_01"}
2025-04-07 00:06:27.112 [info]: MQTT消息发布成功 {"topic":"/k214fOqXdly/Wechat/user/Wechat","sendData":{"id":"1743955587111","version":"1.0","method":"thing.event.property.post","params":{"Temperature01_01":1,"selectedHour01_01":1}}}
2025-04-07 00:12:38.948 [info]: 收到MQTT发布请求 {"topic":"/k214fOqXdly/Wechat/user/Wechat","rawMessage":"{\"combinedId\":\"station01_port01\",\"selectedHour\":1,\"Tem\":1}"}
2025-04-07 00:12:38.949 [info]: 解析消息内容 {"combinedId":"station01_port01","selectedHour":1,"Tem":1}
2025-04-07 00:12:38.949 [info]: 构建属性名 {"stationId":"01","portId":"01","temperatureKey":"Temperature01_01","hourKey":"selectedHour01_01"}
2025-04-07 00:12:38.950 [info]: MQTT消息发布成功 {"topic":"/k214fOqXdly/Wechat/user/Wechat","sendData":{"id":"1743955958949","version":"1.0","method":"thing.event.property.post","params":{"Temperature01_01":1,"selectedHour01_01":1}}}
2025-04-07 00:14:09.742 [info]: 收到MQTT发布请求 {"topic":"/k214fOqXdly/Wechat/user/Wechat","rawMessage":"{\"combinedId\":\"station01_port01\",\"selectedHour\":1,\"Tem\":1}"}
2025-04-07 00:14:09.743 [info]: 解析消息内容 {"combinedId":"station01_port01","selectedHour":1,"Tem":1}
2025-04-07 00:14:09.743 [info]: 构建属性名 {"stationId":"01","portId":"01","temperatureKey":"Temperature01_01","hourKey":"selectedHour01_01"}
2025-04-07 00:14:09.744 [info]: MQTT消息发布成功 {"topic":"/k214fOqXdly/Wechat/user/Wechat","sendData":{"id":"1743956049743","version":"1.0","method":"thing.event.property.post","params":{"Temperature01_01":1,"selectedHour01_01":1}}}
2025-04-07 00:33:31.232 [info]: 收到MQTT发布请求 {"topic":"/k214fOqXdly/Wechat/user/Wechat","rawMessage":"{\"combinedId\":\"station01_port01\",\"selectedHour\":1,\"Tem\":1}"}
2025-04-07 00:33:31.233 [info]: 解析消息内容 {"combinedId":"station01_port01","selectedHour":1,"Tem":1}
2025-04-07 00:33:31.233 [info]: 构建属性名 {"stationId":"01","portId":"01","temperatureKey":"Temperature01_01","hourKey":"selectedHour01_01"}
2025-04-07 00:33:31.234 [info]: MQTT消息发布成功 {"topic":"/k214fOqXdly/Wechat/user/Wechat","sendData":{"id":"1743957211234","version":"1.0","method":"thing.event.property.post","params":{"Temperature01_01":1,"selectedHour01_01":1}}}
2025-04-07 00:36:08.096 [info]: 收到MQTT发布请求 {"topic":"/k214fOqXdly/Wechat/user/Wechat","rawMessage":"{\"combinedId\":\"station01_port01\",\"selectedHour\":1,\"Tem\":1}"}
2025-04-07 00:36:08.096 [info]: 解析消息内容 {"combinedId":"station01_port01","selectedHour":1,"Tem":1}
2025-04-07 00:36:08.097 [info]: 构建属性名 {"stationId":"01","portId":"01","temperatureKey":"Temperature01_01","hourKey":"selectedHour01_01"}
2025-04-07 00:36:08.098 [info]: MQTT消息发布成功 {"topic":"/k214fOqXdly/Wechat/user/Wechat","sendData":{"id":"1743957368097","version":"1.0","method":"thing.event.property.post","params":{"Temperature01_01":1,"selectedHour01_01":1}}}
2025-04-07 00:36:56.286 [info]: 收到MQTT发布请求 {"topic":"/k214fOqXdly/Wechat/user/Wechat","rawMessage":"{\"combinedId\":\"station01_port01\",\"selectedHour\":1,\"Tem\":1}"}
2025-04-07 00:36:56.286 [info]: 解析消息内容 {"combinedId":"station01_port01","selectedHour":1,"Tem":1}
2025-04-07 00:36:56.287 [info]: 构建属性名 {"stationId":"01","portId":"01","temperatureKey":"Temperature01_01","hourKey":"selectedHour01_01"}
2025-04-07 00:36:56.287 [info]: MQTT消息发布成功 {"topic":"/k214fOqXdly/Wechat/user/Wechat","sendData":{"id":"1743957416287","version":"1.0","method":"thing.event.property.post","params":{"Temperature01_01":1,"selectedHour01_01":1}}}
2025-04-07 00:37:38.596 [info]: 收到MQTT发布请求 {"topic":"/k214fOqXdly/Wechat/user/Wechat","rawMessage":"{\"combinedId\":\"station01_port01\",\"selectedHour\":1,\"Tem\":1}"}
2025-04-07 00:37:38.596 [info]: 解析消息内容 {"combinedId":"station01_port01","selectedHour":1,"Tem":1}
2025-04-07 00:37:38.596 [info]: 构建属性名 {"stationId":"01","portId":"01","temperatureKey":"Temperature01_01","hourKey":"selectedHour01_01"}
2025-04-07 00:37:38.597 [info]: MQTT消息发布成功 {"topic":"/k214fOqXdly/Wechat/user/Wechat","sendData":{"id":"1743957458597","version":"1.0","method":"thing.event.property.post","params":{"Temperature01_01":1,"selectedHour01_01":1}}}
2025-04-07 00:37:45.025 [info]: 收到MQTT发布请求 {"topic":"/k214fOqXdly/Wechat/user/Wechat","rawMessage":"{\"combinedId\":\"station01_port01\",\"selectedHour\":1,\"Tem\":1}"}
2025-04-07 00:37:45.026 [info]: 解析消息内容 {"combinedId":"station01_port01","selectedHour":1,"Tem":1}
2025-04-07 00:37:45.026 [info]: 构建属性名 {"stationId":"01","portId":"01","temperatureKey":"Temperature01_01","hourKey":"selectedHour01_01"}
2025-04-07 00:37:45.026 [info]: MQTT消息发布成功 {"topic":"/k214fOqXdly/Wechat/user/Wechat","sendData":{"id":"1743957465026","version":"1.0","method":"thing.event.property.post","params":{"Temperature01_01":1,"selectedHour01_01":1}}}
2025-04-07 00:37:53.248 [info]: 收到MQTT发布请求 {"topic":"/k214fOqXdly/Wechat/user/Wechat","rawMessage":"{\"combinedId\":\"station01_port01\",\"selectedHour\":1,\"Tem\":1}"}
2025-04-07 00:37:53.248 [info]: 解析消息内容 {"combinedId":"station01_port01","selectedHour":1,"Tem":1}
2025-04-07 00:37:53.249 [info]: 构建属性名 {"stationId":"01","portId":"01","temperatureKey":"Temperature01_01","hourKey":"selectedHour01_01"}
2025-04-07 00:37:53.249 [info]: MQTT消息发布成功 {"topic":"/k214fOqXdly/Wechat/user/Wechat","sendData":{"id":"1743957473249","version":"1.0","method":"thing.event.property.post","params":{"Temperature01_01":1,"selectedHour01_01":1}}}
2025-04-07 00:54:54.398 [info]: 收到MQTT发布请求 {"topic":"/k214fOqXdly/Wechat/user/Wechat","rawMessage":"{\"combinedId\":\"station01_port01\",\"selectedHour\":1,\"Tem\":1}"}
2025-04-07 00:54:54.398 [info]: 解析消息内容 {"combinedId":"station01_port01","selectedHour":1,"Tem":1}
2025-04-07 00:54:54.399 [info]: 构建属性名 {"stationId":"01","portId":"01","temperatureKey":"Temperature01_01","hourKey":"selectedHour01_01"}
2025-04-07 00:54:54.399 [info]: MQTT消息发布成功 {"topic":"/k214fOqXdly/Wechat/user/Wechat","sendData":{"id":"1743958494399","version":"1.0","method":"thing.event.property.post","params":{"Temperature01_01":1,"selectedHour01_01":1}}}
2025-04-07 01:05:42.125 [info]: 收到MQTT发布请求 {"topic":"/k214fOqXdly/Wechat/user/Wechat","rawMessage":"{\"combinedId\":\"station01_port01\",\"selectedHour\":1,\"Tem\":1}"}
2025-04-07 01:05:42.126 [info]: 解析消息内容 {"combinedId":"station01_port01","selectedHour":1,"Tem":1}
2025-04-07 01:05:42.126 [info]: 构建属性名 {"stationId":"01","portId":"01","temperatureKey":"Temperature01_01","hourKey":"selectedHour01_01"}
2025-04-07 01:05:42.127 [info]: MQTT消息发布成功 {"topic":"/k214fOqXdly/Wechat/user/Wechat","sendData":{"id":"1743959142126","version":"1.0","method":"thing.event.property.post","params":{"Temperature01_01":1,"selectedHour01_01":1}}}
2025-04-07 01:06:02.013 [info]: 收到MQTT发布请求 {"topic":"/k214fOqXdly/Wechat/user/Wechat","rawMessage":"{\"combinedId\":\"station01_port01\",\"selectedHour\":1,\"Tem\":1}"}
2025-04-07 01:06:02.014 [info]: 解析消息内容 {"combinedId":"station01_port01","selectedHour":1,"Tem":1}
2025-04-07 01:06:02.014 [info]: 构建属性名 {"stationId":"01","portId":"01","temperatureKey":"Temperature01_01","hourKey":"selectedHour01_01"}
2025-04-07 01:06:02.014 [info]: MQTT消息发布成功 {"topic":"/k214fOqXdly/Wechat/user/Wechat","sendData":{"id":"1743959162014","version":"1.0","method":"thing.event.property.post","params":{"Temperature01_01":1,"selectedHour01_01":1}}}
2025-04-07 01:06:07.419 [info]: 收到MQTT发布请求 {"topic":"/k214fOqXdly/Wechat/user/Wechat","rawMessage":"{\"combinedId\":\"station01_port01\",\"selectedHour\":1,\"Tem\":1}"}
2025-04-07 01:06:07.419 [info]: 解析消息内容 {"combinedId":"station01_port01","selectedHour":1,"Tem":1}
2025-04-07 01:06:07.419 [info]: 构建属性名 {"stationId":"01","portId":"01","temperatureKey":"Temperature01_01","hourKey":"selectedHour01_01"}
2025-04-07 01:06:07.420 [info]: MQTT消息发布成功 {"topic":"/k214fOqXdly/Wechat/user/Wechat","sendData":{"id":"1743959167419","version":"1.0","method":"thing.event.property.post","params":{"Temperature01_01":1,"selectedHour01_01":1}}}
2025-04-07 12:30:23.131 [info]: 收到MQTT发布请求 {"topic":"/k214fOqXdly/Wechat/user/Wechat","rawMessage":"{\"combinedId\":\"station01_port01\",\"selectedHour\":1,\"Tem\":1}"}
2025-04-07 12:30:23.132 [info]: 解析消息内容 {"combinedId":"station01_port01","selectedHour":1,"Tem":1}
2025-04-07 12:30:23.132 [info]: 构建属性名 {"stationId":"01","portId":"01","temperatureKey":"Temperature01_01","hourKey":"selectedHour01_01"}
2025-04-07 12:30:23.133 [info]: MQTT消息发布成功 {"topic":"/k214fOqXdly/Wechat/user/Wechat","sendData":{"id":"1744000223133","version":"1.0","method":"thing.event.property.post","params":{"Temperature01_01":1,"selectedHour01_01":1}}}
2025-04-07 12:30:32.919 [info]: 收到MQTT发布请求 {"topic":"/k214fOqXdly/Wechat/user/Wechat","rawMessage":"{\"combinedId\":\"station01_port01\",\"selectedHour\":1,\"Tem\":1}"}
2025-04-07 12:30:32.919 [info]: 解析消息内容 {"combinedId":"station01_port01","selectedHour":1,"Tem":1}
2025-04-07 12:30:32.919 [info]: 构建属性名 {"stationId":"01","portId":"01","temperatureKey":"Temperature01_01","hourKey":"selectedHour01_01"}
2025-04-07 12:30:32.920 [info]: MQTT消息发布成功 {"topic":"/k214fOqXdly/Wechat/user/Wechat","sendData":{"id":"1744000232920","version":"1.0","method":"thing.event.property.post","params":{"Temperature01_01":1,"selectedHour01_01":1}}}
2025-04-07 12:32:13.341 [info]: 收到MQTT发布请求 {"topic":"/k214fOqXdly/Wechat/user/Wechat","rawMessage":"{\"combinedId\":\"station01_port01\",\"selectedHour\":1,\"Tem\":1}"}
2025-04-07 12:32:13.341 [info]: 解析消息内容 {"combinedId":"station01_port01","selectedHour":1,"Tem":1}
2025-04-07 12:32:13.342 [info]: 构建属性名 {"stationId":"01","portId":"01","temperatureKey":"Temperature01_01","hourKey":"selectedHour01_01"}
2025-04-07 12:32:13.343 [info]: MQTT消息发布成功 {"topic":"/k214fOqXdly/Wechat/user/Wechat","sendData":{"id":"1744000333343","version":"1.0","method":"thing.event.property.post","params":{"Temperature01_01":1,"selectedHour01_01":1}}}
2025-04-07 12:34:36.006 [info]: 收到MQTT发布请求 {"topic":"/k214fOqXdly/Wechat/user/Wechat","rawMessage":"{\"combinedId\":\"station01_port01\",\"selectedHour\":1,\"Tem\":1}"}
2025-04-07 12:34:36.007 [info]: 解析消息内容 {"combinedId":"station01_port01","selectedHour":1,"Tem":1}
2025-04-07 12:34:36.007 [info]: 构建属性名 {"stationId":"01","portId":"01","temperatureKey":"Temperature01_01","hourKey":"selectedHour01_01"}
2025-04-07 12:34:36.008 [info]: MQTT消息发布成功 {"topic":"/k214fOqXdly/Wechat/user/Wechat","sendData":{"id":"1744000476007","version":"1.0","method":"thing.event.property.post","params":{"Temperature01_01":1,"selectedHour01_01":1}}}
2025-04-07 12:37:31.975 [info]: 收到MQTT发布请求 {"topic":"/k214fOqXdly/Wechat/user/Wechat","rawMessage":"{\"combinedId\":\"station01_port01\",\"selectedHour\":1,\"Tem\":1}"}
2025-04-07 12:37:31.975 [info]: 解析消息内容 {"combinedId":"station01_port01","selectedHour":1,"Tem":1}
2025-04-07 12:37:31.976 [info]: 构建属性名 {"stationId":"01","portId":"01","temperatureKey":"Temperature01_01","hourKey":"selectedHour01_01"}
2025-04-07 12:37:31.976 [info]: MQTT消息发布成功 {"topic":"/k214fOqXdly/Wechat/user/Wechat","sendData":{"id":"1744000651976","version":"1.0","method":"thing.event.property.post","params":{"Temperature01_01":1,"selectedHour01_01":1}}}
2025-04-07 12:37:49.110 [info]: 收到MQTT发布请求 {"topic":"/k214fOqXdly/Wechat/user/Wechat","rawMessage":"{\"combinedId\":\"station01_port01\",\"selectedHour\":1,\"Tem\":1}"}
2025-04-07 12:37:49.110 [info]: 解析消息内容 {"combinedId":"station01_port01","selectedHour":1,"Tem":1}
2025-04-07 12:37:49.110 [info]: 构建属性名 {"stationId":"01","portId":"01","temperatureKey":"Temperature01_01","hourKey":"selectedHour01_01"}
2025-04-07 12:37:49.111 [info]: MQTT消息发布成功 {"topic":"/k214fOqXdly/Wechat/user/Wechat","sendData":{"id":"1744000669111","version":"1.0","method":"thing.event.property.post","params":{"Temperature01_01":1,"selectedHour01_01":1}}}
2025-04-07 12:37:55.343 [info]: 收到MQTT发布请求 {"topic":"/k214fOqXdly/Wechat/user/Wechat","rawMessage":"{\"combinedId\":\"station01_port01\",\"selectedHour\":1,\"Tem\":1}"}
2025-04-07 12:37:55.344 [info]: 解析消息内容 {"combinedId":"station01_port01","selectedHour":1,"Tem":1}
2025-04-07 12:37:55.344 [info]: 构建属性名 {"stationId":"01","portId":"01","temperatureKey":"Temperature01_01","hourKey":"selectedHour01_01"}
2025-04-07 12:37:55.344 [info]: MQTT消息发布成功 {"topic":"/k214fOqXdly/Wechat/user/Wechat","sendData":{"id":"1744000675344","version":"1.0","method":"thing.event.property.post","params":{"Temperature01_01":1,"selectedHour01_01":1}}}
2025-04-07 12:37:59.693 [info]: 收到MQTT发布请求 {"topic":"/k214fOqXdly/Wechat/user/Wechat","rawMessage":"{\"combinedId\":\"station01_port01\",\"selectedHour\":1,\"Tem\":1}"}
2025-04-07 12:37:59.694 [info]: 解析消息内容 {"combinedId":"station01_port01","selectedHour":1,"Tem":1}
2025-04-07 12:37:59.694 [info]: 构建属性名 {"stationId":"01","portId":"01","temperatureKey":"Temperature01_01","hourKey":"selectedHour01_01"}
2025-04-07 12:37:59.695 [info]: MQTT消息发布成功 {"topic":"/k214fOqXdly/Wechat/user/Wechat","sendData":{"id":"1744000679694","version":"1.0","method":"thing.event.property.post","params":{"Temperature01_01":1,"selectedHour01_01":1}}}
2025-04-07 12:40:07.641 [info]: 收到MQTT发布请求 {"topic":"/k214fOqXdly/Wechat/user/Wechat","rawMessage":"{\"combinedId\":\"station01_port01\",\"selectedHour\":1,\"Tem\":1}"}
2025-04-07 12:40:07.641 [info]: 解析消息内容 {"combinedId":"station01_port01","selectedHour":1,"Tem":1}
2025-04-07 12:40:07.642 [info]: 构建属性名 {"stationId":"01","portId":"01","temperatureKey":"Temperature01_01","hourKey":"selectedHour01_01"}
2025-04-07 12:40:07.642 [info]: MQTT消息发布成功 {"topic":"/k214fOqXdly/Wechat/user/Wechat","sendData":{"id":"1744000807642","version":"1.0","method":"thing.event.property.post","params":{"Temperature01_01":1,"selectedHour01_01":1}}}
2025-04-07 12:44:38.432 [info]: 收到MQTT发布请求 {"topic":"/k214fOqXdly/Wechat/user/Wechat","rawMessage":"{\"combinedId\":\"station01_port01\",\"selectedHour\":1,\"Tem\":1}"}
2025-04-07 12:44:38.433 [info]: 解析消息内容 {"combinedId":"station01_port01","selectedHour":1,"Tem":1}
2025-04-07 12:44:38.433 [info]: 构建属性名 {"stationId":"01","portId":"01","temperatureKey":"Temperature01_01","hourKey":"selectedHour01_01"}
2025-04-07 12:44:38.434 [info]: MQTT消息发布成功 {"topic":"/k214fOqXdly/Wechat/user/Wechat","sendData":{"id":"1744001078433","version":"1.0","method":"thing.event.property.post","params":{"Temperature01_01":1,"selectedHour01_01":1}}}
2025-04-07 12:46:11.359 [info]: 收到MQTT发布请求 {"topic":"/k214fOqXdly/Wechat/user/Wechat","rawMessage":"{\"combinedId\":\"station01_port01\",\"selectedHour\":1,\"Tem\":1}"}
2025-04-07 12:46:11.360 [info]: 解析消息内容 {"combinedId":"station01_port01","selectedHour":1,"Tem":1}
2025-04-07 12:46:11.360 [info]: 构建属性名 {"stationId":"01","portId":"01","temperatureKey":"Temperature01_01","hourKey":"selectedHour01_01"}
2025-04-07 12:46:11.360 [info]: MQTT消息发布成功 {"topic":"/k214fOqXdly/Wechat/user/Wechat","sendData":{"id":"1744001171360","version":"1.0","method":"thing.event.property.post","params":{"Temperature01_01":1,"selectedHour01_01":1}}}
2025-04-07 12:48:43.441 [info]: 收到MQTT发布请求 {"topic":"/k214fOqXdly/Wechat/user/Wechat","rawMessage":"{\"combinedId\":\"station01_port01\",\"selectedHour\":1,\"Tem\":1}"}
2025-04-07 12:48:43.441 [info]: 解析消息内容 {"combinedId":"station01_port01","selectedHour":1,"Tem":1}
2025-04-07 12:48:43.442 [info]: 构建属性名 {"stationId":"01","portId":"01","temperatureKey":"Temperature01_01","hourKey":"selectedHour01_01"}
2025-04-07 12:48:43.442 [info]: MQTT消息发布成功 {"topic":"/k214fOqXdly/Wechat/user/Wechat","sendData":{"id":"1744001323442","version":"1.0","method":"thing.event.property.post","params":{"Temperature01_01":1,"selectedHour01_01":1}}}
2025-04-07 12:54:29.740 [info]: 收到MQTT发布请求 {"topic":"/k214fOqXdly/Wechat/user/Wechat","rawMessage":"{\"combinedId\":\"station01_port01\",\"selectedHour\":1,\"Tem\":1}"}
2025-04-07 12:54:29.741 [info]: 解析消息内容 {"combinedId":"station01_port01","selectedHour":1,"Tem":1}
2025-04-07 12:54:29.741 [info]: 构建属性名 {"stationId":"01","portId":"01","temperatureKey":"Temperature01_01","hourKey":"selectedHour01_01"}
2025-04-07 12:54:29.742 [info]: MQTT消息发布成功 {"topic":"/k214fOqXdly/Wechat/user/Wechat","sendData":{"id":"1744001669741","version":"1.0","method":"thing.event.property.post","params":{"Temperature01_01":1,"selectedHour01_01":1}}}
2025-04-07 12:56:12.368 [info]: 收到MQTT发布请求 {"topic":"/k214fOqXdly/Wechat/user/Wechat","rawMessage":"{\"combinedId\":\"station01_port01\",\"selectedHour\":1,\"Tem\":1}"}
2025-04-07 12:56:12.368 [info]: 解析消息内容 {"combinedId":"station01_port01","selectedHour":1,"Tem":1}
2025-04-07 12:56:12.368 [info]: 构建属性名 {"stationId":"01","portId":"01","temperatureKey":"Temperature01_01","hourKey":"selectedHour01_01"}
2025-04-07 12:56:12.369 [info]: MQTT消息发布成功 {"topic":"/k214fOqXdly/Wechat/user/Wechat","sendData":{"id":"1744001772369","version":"1.0","method":"thing.event.property.post","params":{"Temperature01_01":1,"selectedHour01_01":1}}}
2025-04-07 12:58:13.405 [info]: 收到MQTT发布请求 {"topic":"/k214fOqXdly/Wechat/user/Wechat","rawMessage":"{\"combinedId\":\"station01_port01\",\"selectedHour\":1,\"Tem\":1}"}
2025-04-07 12:58:13.406 [info]: 解析消息内容 {"combinedId":"station01_port01","selectedHour":1,"Tem":1}
2025-04-07 12:58:13.406 [info]: 构建属性名 {"stationId":"01","portId":"01","temperatureKey":"Temperature01_01","hourKey":"selectedHour01_01"}
2025-04-07 12:58:13.406 [info]: MQTT消息发布成功 {"topic":"/k214fOqXdly/Wechat/user/Wechat","sendData":{"id":"1744001893406","version":"1.0","method":"thing.event.property.post","params":{"Temperature01_01":1,"selectedHour01_01":1}}}
2025-04-07 12:59:48.399 [info]: 收到MQTT发布请求 {"topic":"/k214fOqXdly/Wechat/user/Wechat","rawMessage":"{\"combinedId\":\"station01_port01\",\"selectedHour\":1,\"Tem\":1}"}
2025-04-07 12:59:48.400 [info]: 解析消息内容 {"combinedId":"station01_port01","selectedHour":1,"Tem":1}
2025-04-07 12:59:48.400 [info]: 构建属性名 {"stationId":"01","portId":"01","temperatureKey":"Temperature01_01","hourKey":"selectedHour01_01"}
2025-04-07 12:59:48.401 [info]: MQTT消息发布成功 {"topic":"/k214fOqXdly/Wechat/user/Wechat","sendData":{"id":"1744001988400","version":"1.0","method":"thing.event.property.post","params":{"Temperature01_01":1,"selectedHour01_01":1}}}
2025-04-07 13:00:07.686 [info]: 收到MQTT发布请求 {"topic":"/k214fOqXdly/Wechat/user/Wechat","rawMessage":"{\"combinedId\":\"station01_port01\",\"selectedHour\":1,\"Tem\":1}"}
2025-04-07 13:00:07.686 [info]: 解析消息内容 {"combinedId":"station01_port01","selectedHour":1,"Tem":1}
2025-04-07 13:00:07.687 [info]: 构建属性名 {"stationId":"01","portId":"01","temperatureKey":"Temperature01_01","hourKey":"selectedHour01_01"}
2025-04-07 13:00:07.687 [info]: MQTT消息发布成功 {"topic":"/k214fOqXdly/Wechat/user/Wechat","sendData":{"id":"1744002007687","version":"1.0","method":"thing.event.property.post","params":{"Temperature01_01":1,"selectedHour01_01":1}}}
2025-04-07 13:18:26.778 [info]: 收到MQTT发布请求 {"topic":"/k214fOqXdly/Wechat/user/Wechat","rawMessage":"{\"combinedId\":\"station01_port01\",\"selectedHour\":1,\"Tem\":1}"}
2025-04-07 13:18:26.779 [info]: 解析消息内容 {"combinedId":"station01_port01","selectedHour":1,"Tem":1}
2025-04-07 13:18:26.779 [info]: 构建属性名 {"stationId":"01","portId":"01","temperatureKey":"Temperature01_01","hourKey":"selectedHour01_01"}
2025-04-07 13:18:26.779 [info]: MQTT消息发布成功 {"topic":"/k214fOqXdly/Wechat/user/Wechat","sendData":{"id":"1744003106779","version":"1.0","method":"thing.event.property.post","params":{"Temperature01_01":1,"selectedHour01_01":1}}}
2025-04-07 13:38:05.791 [info]: 收到MQTT发布请求 {"topic":"/k214fOqXdly/Wechat/user/Wechat","rawMessage":"{\"combinedId\":\"station01_port01\",\"selectedHour\":1,\"Tem\":1}"}
2025-04-07 13:38:05.791 [info]: 解析消息内容 {"combinedId":"station01_port01","selectedHour":1,"Tem":1}
2025-04-07 13:38:05.792 [info]: 构建属性名 {"stationId":"01","portId":"01","temperatureKey":"Temperature01_01","hourKey":"selectedHour01_01"}
2025-04-07 13:38:05.792 [info]: MQTT消息发布成功 {"topic":"/k214fOqXdly/Wechat/user/Wechat","sendData":{"id":"1744004285792","version":"1.0","method":"thing.event.property.post","params":{"Temperature01_01":1,"selectedHour01_01":1}}}
2025-04-07 13:38:32.399 [info]: 收到MQTT发布请求 {"topic":"/k214fOqXdly/Wechat/user/Wechat","rawMessage":"{\"combinedId\":\"station01_port01\",\"selectedHour\":1,\"Tem\":1}"}
2025-04-07 13:38:32.400 [info]: 解析消息内容 {"combinedId":"station01_port01","selectedHour":1,"Tem":1}
2025-04-07 13:38:32.400 [info]: 构建属性名 {"stationId":"01","portId":"01","temperatureKey":"Temperature01_01","hourKey":"selectedHour01_01"}
2025-04-07 13:38:32.401 [info]: MQTT消息发布成功 {"topic":"/k214fOqXdly/Wechat/user/Wechat","sendData":{"id":"1744004312400","version":"1.0","method":"thing.event.property.post","params":{"Temperature01_01":1,"selectedHour01_01":1}}}
2025-04-07 13:42:39.758 [info]: 收到MQTT发布请求 {"topic":"/k214fOqXdly/Wechat/user/Wechat","rawMessage":"{\"combinedId\":\"station01_port01\",\"selectedHour\":1,\"Tem\":1}"}
2025-04-07 13:42:39.759 [info]: 解析消息内容 {"combinedId":"station01_port01","selectedHour":1,"Tem":1}
2025-04-07 13:42:39.759 [info]: 构建属性名 {"stationId":"01","portId":"01","temperatureKey":"Temperature01_01","hourKey":"selectedHour01_01"}
2025-04-07 13:42:39.760 [info]: MQTT消息发布成功 {"topic":"/k214fOqXdly/Wechat/user/Wechat","sendData":{"id":"1744004559759","version":"1.0","method":"thing.event.property.post","params":{"Temperature01_01":1,"selectedHour01_01":1}}}
2025-04-07 13:42:42.832 [info]: 收到MQTT发布请求 {"topic":"/k214fOqXdly/Wechat/user/Wechat","rawMessage":"{\"combinedId\":\"station01_port01\",\"selectedHour\":1,\"Tem\":1}"}
2025-04-07 13:42:42.832 [info]: 解析消息内容 {"combinedId":"station01_port01","selectedHour":1,"Tem":1}
2025-04-07 13:42:42.833 [info]: 构建属性名 {"stationId":"01","portId":"01","temperatureKey":"Temperature01_01","hourKey":"selectedHour01_01"}
2025-04-07 13:42:42.833 [info]: MQTT消息发布成功 {"topic":"/k214fOqXdly/Wechat/user/Wechat","sendData":{"id":"1744004562833","version":"1.0","method":"thing.event.property.post","params":{"Temperature01_01":1,"selectedHour01_01":1}}}
2025-04-07 13:43:01.736 [info]: 收到MQTT发布请求 {"topic":"/k214fOqXdly/Wechat/user/Wechat","rawMessage":"{\"combinedId\":\"station01_port01\",\"selectedHour\":1,\"Tem\":1}"}
2025-04-07 13:43:01.736 [info]: 解析消息内容 {"combinedId":"station01_port01","selectedHour":1,"Tem":1}
2025-04-07 13:43:01.736 [info]: 构建属性名 {"stationId":"01","portId":"01","temperatureKey":"Temperature01_01","hourKey":"selectedHour01_01"}
2025-04-07 13:43:01.737 [info]: MQTT消息发布成功 {"topic":"/k214fOqXdly/Wechat/user/Wechat","sendData":{"id":"1744004581737","version":"1.0","method":"thing.event.property.post","params":{"Temperature01_01":1,"selectedHour01_01":1}}}
2025-04-07 13:45:11.223 [info]: 收到MQTT发布请求 {"topic":"/k214fOqXdly/Wechat/user/Wechat","rawMessage":"{\"combinedId\":\"station01_port01\",\"selectedHour\":1,\"Tem\":1}"}
2025-04-07 13:45:11.223 [info]: 解析消息内容 {"combinedId":"station01_port01","selectedHour":1,"Tem":1}
2025-04-07 13:45:11.224 [info]: 构建属性名 {"stationId":"01","portId":"01","temperatureKey":"Temperature01_01","hourKey":"selectedHour01_01"}
2025-04-07 13:45:11.224 [info]: MQTT消息发布成功 {"topic":"/k214fOqXdly/Wechat/user/Wechat","sendData":{"id":"1744004711224","version":"1.0","method":"thing.event.property.post","params":{"Temperature01_01":1,"selectedHour01_01":1}}}
2025-04-10 19:14:06.086 [info]: 收到MQTT发布请求 {"topic":"/k214fOqXdly/Wechat/user/Wechat","rawMessage":"{\"combinedId\":\"station01_port01\",\"selectedHour\":1,\"Tem\":1}"}
2025-04-10 19:14:06.087 [info]: 解析消息内容 {"combinedId":"station01_port01","selectedHour":1,"Tem":1}
2025-04-10 19:14:06.088 [info]: 构建属性名 {"stationId":"01","portId":"01","temperatureKey":"Temperature01_01","hourKey":"selectedHour01_01"}
2025-04-10 19:14:06.089 [info]: MQTT消息发布成功 {"topic":"/k214fOqXdly/Wechat/user/Wechat","sendData":{"id":"1744283646088","version":"1.0","method":"thing.event.property.post","params":{"Temperature01_01":1,"selectedHour01_01":1}}}
2025-04-10 19:17:15.890 [info]: 收到MQTT发布请求 {"topic":"/k214fOqXdly/Wechat/user/Wechat","rawMessage":"{\"combinedId\":\"station01_port01\",\"selectedHour\":1,\"Tem\":1}"}
2025-04-10 19:17:15.891 [info]: 解析消息内容 {"combinedId":"station01_port01","selectedHour":1,"Tem":1}
2025-04-10 19:17:15.892 [info]: 构建属性名 {"stationId":"01","portId":"01","temperatureKey":"Temperature01_01","hourKey":"selectedHour01_01"}
2025-04-10 19:17:15.894 [info]: MQTT消息发布成功 {"topic":"/k214fOqXdly/Wechat/user/Wechat","sendData":{"id":"1744283835894","version":"1.0","method":"thing.event.property.post","params":{"Temperature01_01":1,"selectedHour01_01":1}}}
2025-04-10 19:19:04.009 [info]: 收到MQTT发布请求 {"topic":"/k214fOqXdly/Wechat/user/Wechat","rawMessage":"{\"combinedId\":\"station01_port01\",\"selectedHour\":1,\"Tem\":1}"}
2025-04-10 19:19:04.010 [info]: 解析消息内容 {"combinedId":"station01_port01","selectedHour":1,"Tem":1}
2025-04-10 19:19:04.010 [info]: 构建属性名 {"stationId":"01","portId":"01","temperatureKey":"Temperature01_01","hourKey":"selectedHour01_01"}
2025-04-10 19:19:04.010 [info]: MQTT消息发布成功 {"topic":"/k214fOqXdly/Wechat/user/Wechat","sendData":{"id":"1744283944010","version":"1.0","method":"thing.event.property.post","params":{"Temperature01_01":1,"selectedHour01_01":1}}}
2025-04-10 19:26:03.326 [info]: 收到MQTT发布请求 {"topic":"/k214fOqXdly/Wechat/user/Wechat","rawMessage":"{\"combinedId\":\"station01_port01\",\"selectedHour\":1,\"Tem\":1}"}
2025-04-10 19:26:03.326 [info]: 解析消息内容 {"combinedId":"station01_port01","selectedHour":1,"Tem":1}
2025-04-10 19:26:03.326 [info]: 构建属性名 {"stationId":"01","portId":"01","temperatureKey":"Temperature01_01","hourKey":"selectedHour01_01"}
2025-04-10 19:26:03.327 [info]: MQTT消息发布成功 {"topic":"/k214fOqXdly/Wechat/user/Wechat","sendData":{"id":"1744284363327","version":"1.0","method":"thing.event.property.post","params":{"Temperature01_01":1,"selectedHour01_01":1}}}
2025-04-10 19:52:48.531 [info]: 收到MQTT发布请求 {"topic":"/k214fOqXdly/Wechat/user/Wechat","rawMessage":"{\"combinedId\":\"station01_port01\",\"selectedHour\":1,\"Tem\":1}"}
2025-04-10 19:52:48.532 [info]: 解析消息内容 {"combinedId":"station01_port01","selectedHour":1,"Tem":1}
2025-04-10 19:52:48.532 [info]: 构建属性名 {"stationId":"01","portId":"01","temperatureKey":"Temperature01_01","hourKey":"selectedHour01_01"}
2025-04-10 19:52:48.533 [info]: MQTT消息发布成功 {"topic":"/k214fOqXdly/Wechat/user/Wechat","sendData":{"id":"1744285968532","version":"1.0","method":"thing.event.property.post","params":{"Temperature01_01":1,"selectedHour01_01":1}}}
2025-04-10 19:53:15.465 [info]: 收到MQTT发布请求 {"topic":"/k214fOqXdly/Wechat/user/Wechat","rawMessage":"{\"combinedId\":\"station01_port01\",\"selectedHour\":1,\"Tem\":1}"}
2025-04-10 19:53:15.473 [info]: 解析消息内容 {"combinedId":"station01_port01","selectedHour":1,"Tem":1}
2025-04-10 19:53:15.474 [info]: 构建属性名 {"stationId":"01","portId":"01","temperatureKey":"Temperature01_01","hourKey":"selectedHour01_01"}
2025-04-10 19:53:15.474 [info]: MQTT消息发布成功 {"topic":"/k214fOqXdly/Wechat/user/Wechat","sendData":{"id":"1744285995474","version":"1.0","method":"thing.event.property.post","params":{"Temperature01_01":1,"selectedHour01_01":1}}}
2025-04-10 19:54:13.926 [info]: 收到MQTT发布请求 {"topic":"/k214fOqXdly/Wechat/user/Wechat","rawMessage":"{\"combinedId\":\"station01_port01\",\"selectedHour\":4,\"Tem\":1}"}
2025-04-10 19:54:13.927 [info]: 解析消息内容 {"combinedId":"station01_port01","selectedHour":4,"Tem":1}
2025-04-10 19:54:13.927 [info]: 构建属性名 {"stationId":"01","portId":"01","temperatureKey":"Temperature01_01","hourKey":"selectedHour01_01"}
2025-04-10 19:54:13.927 [info]: MQTT消息发布成功 {"topic":"/k214fOqXdly/Wechat/user/Wechat","sendData":{"id":"1744286053927","version":"1.0","method":"thing.event.property.post","params":{"Temperature01_01":1,"selectedHour01_01":4}}}
2025-04-10 19:55:02.593 [info]: 收到MQTT发布请求 {"topic":"/k214fOqXdly/Wechat/user/Wechat","rawMessage":"{\"combinedId\":\"station01_port01\",\"selectedHour\":4,\"Tem\":1}"}
2025-04-10 19:55:02.593 [info]: 解析消息内容 {"combinedId":"station01_port01","selectedHour":4,"Tem":1}
2025-04-10 19:55:02.594 [info]: 构建属性名 {"stationId":"01","portId":"01","temperatureKey":"Temperature01_01","hourKey":"selectedHour01_01"}
2025-04-10 19:55:02.594 [info]: MQTT消息发布成功 {"topic":"/k214fOqXdly/Wechat/user/Wechat","sendData":{"id":"1744286102594","version":"1.0","method":"thing.event.property.post","params":{"Temperature01_01":1,"selectedHour01_01":4}}}
2025-04-10 19:55:22.240 [info]: 收到MQTT发布请求 {"topic":"/k214fOqXdly/Wechat/user/Wechat","rawMessage":"{\"combinedId\":\"station01_port01\",\"selectedHour\":4,\"Tem\":1}"}
2025-04-10 19:55:22.241 [info]: 解析消息内容 {"combinedId":"station01_port01","selectedHour":4,"Tem":1}
2025-04-10 19:55:22.242 [info]: 构建属性名 {"stationId":"01","portId":"01","temperatureKey":"Temperature01_01","hourKey":"selectedHour01_01"}
2025-04-10 19:55:22.242 [info]: MQTT消息发布成功 {"topic":"/k214fOqXdly/Wechat/user/Wechat","sendData":{"id":"1744286122242","version":"1.0","method":"thing.event.property.post","params":{"Temperature01_01":1,"selectedHour01_01":4}}}
2025-04-10 19:55:51.476 [info]: 收到MQTT发布请求 {"topic":"/k214fOqXdly/Wechat/user/Wechat","rawMessage":"{\"combinedId\":\"station01_port01\",\"selectedHour\":4,\"Tem\":1}"}
2025-04-10 19:55:51.476 [info]: 解析消息内容 {"combinedId":"station01_port01","selectedHour":4,"Tem":1}
2025-04-10 19:55:51.476 [info]: 构建属性名 {"stationId":"01","portId":"01","temperatureKey":"Temperature01_01","hourKey":"selectedHour01_01"}
2025-04-10 19:55:51.477 [info]: MQTT消息发布成功 {"topic":"/k214fOqXdly/Wechat/user/Wechat","sendData":{"id":"1744286151476","version":"1.0","method":"thing.event.property.post","params":{"Temperature01_01":1,"selectedHour01_01":4}}}
2025-04-10 19:56:12.379 [info]: 收到MQTT发布请求 {"topic":"/k214fOqXdly/Wechat/user/Wechat","rawMessage":"{\"combinedId\":\"station01_port01\",\"selectedHour\":4,\"Tem\":1}"}
2025-04-10 19:56:12.379 [info]: 解析消息内容 {"combinedId":"station01_port01","selectedHour":4,"Tem":1}
2025-04-10 19:56:12.379 [info]: 构建属性名 {"stationId":"01","portId":"01","temperatureKey":"Temperature01_01","hourKey":"selectedHour01_01"}
2025-04-10 19:56:12.379 [info]: MQTT消息发布成功 {"topic":"/k214fOqXdly/Wechat/user/Wechat","sendData":{"id":"1744286172379","version":"1.0","method":"thing.event.property.post","params":{"Temperature01_01":1,"selectedHour01_01":4}}}
2025-04-10 19:58:23.565 [info]: 收到MQTT发布请求 {"topic":"/k214fOqXdly/Wechat/user/Wechat","rawMessage":"{\"combinedId\":\"station01_port01\",\"selectedHour\":1,\"Tem\":1}"}
2025-04-10 19:58:23.566 [info]: 解析消息内容 {"combinedId":"station01_port01","selectedHour":1,"Tem":1}
2025-04-10 19:58:23.566 [info]: 构建属性名 {"stationId":"01","portId":"01","temperatureKey":"Temperature01_01","hourKey":"selectedHour01_01"}
2025-04-10 19:58:23.566 [info]: MQTT消息发布成功 {"topic":"/k214fOqXdly/Wechat/user/Wechat","sendData":{"id":"1744286303566","version":"1.0","method":"thing.event.property.post","params":{"Temperature01_01":1,"selectedHour01_01":1}}}
2025-04-10 20:07:52.892 [info]: 收到MQTT发布请求 {"topic":"/k214fOqXdly/Wechat/user/Wechat","rawMessage":"{\"combinedId\":\"station01_port01\",\"selectedHour\":2,\"Tem\":1}"}
2025-04-10 20:07:52.892 [info]: 解析消息内容 {"combinedId":"station01_port01","selectedHour":2,"Tem":1}
2025-04-10 20:07:52.893 [info]: 构建属性名 {"stationId":"01","portId":"01","temperatureKey":"Temperature01_01","hourKey":"selectedHour01_01"}
2025-04-10 20:07:52.893 [info]: MQTT消息发布成功 {"topic":"/k214fOqXdly/Wechat/user/Wechat","sendData":{"id":"1744286872893","version":"1.0","method":"thing.event.property.post","params":{"Temperature01_01":1,"selectedHour01_01":2}}}
2025-04-10 20:10:03.205 [info]: 收到MQTT发布请求 {"topic":"/k214fOqXdly/Wechat/user/Wechat","rawMessage":"{\"combinedId\":\"station01_port01\",\"selectedHour\":4,\"Tem\":1}"}
2025-04-10 20:10:03.206 [info]: 解析消息内容 {"combinedId":"station01_port01","selectedHour":4,"Tem":1}
2025-04-10 20:10:03.206 [info]: 构建属性名 {"stationId":"01","portId":"01","temperatureKey":"Temperature01_01","hourKey":"selectedHour01_01"}
2025-04-10 20:10:03.207 [info]: MQTT消息发布成功 {"topic":"/k214fOqXdly/Wechat/user/Wechat","sendData":{"id":"1744287003206","version":"1.0","method":"thing.event.property.post","params":{"Temperature01_01":1,"selectedHour01_01":4}}}
2025-04-10 20:16:14.315 [info]: 收到MQTT发布请求 {"topic":"/k214fOqXdly/Wechat/user/Wechat","rawMessage":"{\"combinedId\":\"station01_port01\",\"selectedHour\":4,\"Tem\":1}"}
2025-04-10 20:16:14.315 [info]: 解析消息内容 {"combinedId":"station01_port01","selectedHour":4,"Tem":1}
2025-04-10 20:16:14.315 [info]: 构建属性名 {"stationId":"01","portId":"01","temperatureKey":"Temperature01_01","hourKey":"selectedHour01_01"}
2025-04-10 20:16:14.316 [info]: MQTT消息发布成功 {"topic":"/k214fOqXdly/Wechat/user/Wechat","sendData":{"id":"1744287374316","version":"1.0","method":"thing.event.property.post","params":{"Temperature01_01":1,"selectedHour01_01":4}}}
2025-04-10 20:16:23.258 [info]: 收到MQTT发布请求 {"topic":"/k214fOqXdly/Wechat/user/Wechat","rawMessage":"{\"combinedId\":\"station01_port01\",\"selectedHour\":4,\"Tem\":1}"}
2025-04-10 20:16:23.259 [info]: 解析消息内容 {"combinedId":"station01_port01","selectedHour":4,"Tem":1}
2025-04-10 20:16:23.259 [info]: 构建属性名 {"stationId":"01","portId":"01","temperatureKey":"Temperature01_01","hourKey":"selectedHour01_01"}
2025-04-10 20:16:23.259 [info]: MQTT消息发布成功 {"topic":"/k214fOqXdly/Wechat/user/Wechat","sendData":{"id":"1744287383259","version":"1.0","method":"thing.event.property.post","params":{"Temperature01_01":1,"selectedHour01_01":4}}}
2025-04-10 20:16:39.564 [info]: 收到MQTT发布请求 {"topic":"/k214fOqXdly/Wechat/user/Wechat","rawMessage":"{\"combinedId\":\"station01_port01\",\"selectedHour\":4,\"Tem\":1}"}
2025-04-10 20:16:39.564 [info]: 解析消息内容 {"combinedId":"station01_port01","selectedHour":4,"Tem":1}
2025-04-10 20:16:39.564 [info]: 构建属性名 {"stationId":"01","portId":"01","temperatureKey":"Temperature01_01","hourKey":"selectedHour01_01"}
2025-04-10 20:16:39.565 [info]: MQTT消息发布成功 {"topic":"/k214fOqXdly/Wechat/user/Wechat","sendData":{"id":"1744287399565","version":"1.0","method":"thing.event.property.post","params":{"Temperature01_01":1,"selectedHour01_01":4}}}
2025-04-10 20:17:48.043 [info]: 收到MQTT发布请求 {"topic":"/k214fOqXdly/Wechat/user/Wechat","rawMessage":"{\"combinedId\":\"station01_port01\",\"selectedHour\":4,\"Tem\":1}"}
2025-04-10 20:17:48.044 [info]: 解析消息内容 {"combinedId":"station01_port01","selectedHour":4,"Tem":1}
2025-04-10 20:17:48.044 [info]: 构建属性名 {"stationId":"01","portId":"01","temperatureKey":"Temperature01_01","hourKey":"selectedHour01_01"}
2025-04-10 20:17:48.044 [info]: MQTT消息发布成功 {"topic":"/k214fOqXdly/Wechat/user/Wechat","sendData":{"id":"1744287468044","version":"1.0","method":"thing.event.property.post","params":{"Temperature01_01":1,"selectedHour01_01":4}}}
2025-04-10 20:19:03.690 [info]: 收到MQTT发布请求 {"topic":"/k214fOqXdly/Wechat/user/Wechat","rawMessage":"{\"combinedId\":\"station01_port01\",\"selectedHour\":4,\"Tem\":1}"}
2025-04-10 20:19:03.690 [info]: 解析消息内容 {"combinedId":"station01_port01","selectedHour":4,"Tem":1}
2025-04-10 20:19:03.690 [info]: 构建属性名 {"stationId":"01","portId":"01","temperatureKey":"Temperature01_01","hourKey":"selectedHour01_01"}
2025-04-10 20:19:03.691 [info]: MQTT消息发布成功 {"topic":"/k214fOqXdly/Wechat/user/Wechat","sendData":{"id":"1744287543691","version":"1.0","method":"thing.event.property.post","params":{"Temperature01_01":1,"selectedHour01_01":4}}}
2025-04-10 20:19:26.127 [info]: 收到MQTT发布请求 {"topic":"/k214fOqXdly/Wechat/user/Wechat","rawMessage":"{\"combinedId\":\"station01_port01\",\"selectedHour\":4,\"Tem\":1}"}
2025-04-10 20:19:26.127 [info]: 解析消息内容 {"combinedId":"station01_port01","selectedHour":4,"Tem":1}
2025-04-10 20:19:26.128 [info]: 构建属性名 {"stationId":"01","portId":"01","temperatureKey":"Temperature01_01","hourKey":"selectedHour01_01"}
2025-04-10 20:19:26.128 [info]: MQTT消息发布成功 {"topic":"/k214fOqXdly/Wechat/user/Wechat","sendData":{"id":"1744287566128","version":"1.0","method":"thing.event.property.post","params":{"Temperature01_01":1,"selectedHour01_01":4}}}
2025-04-23 16:11:38.222 [info]: 收到MQTT发布请求 {"topic":"/k214fOqXdly/Wechat/user/Wechat","rawMessage":"{\"combinedId\":\"station01_port01\",\"selectedHour\":1,\"Tem\":1}"}
2025-04-23 16:11:38.222 [info]: 解析消息内容 {"combinedId":"station01_port01","selectedHour":1,"Tem":1}
2025-04-23 16:11:38.223 [info]: 构建属性名 {"stationId":"01","portId":"01","temperatureKey":"Temperature01_01","hourKey":"selectedHour01_01"}
2025-04-23 16:11:38.225 [info]: MQTT消息发布成功 {"topic":"/k214fOqXdly/Wechat/user/Wechat","sendData":{"id":"1745395898224","version":"1.0","method":"thing.event.property.post","params":{"Temperature01_01":1,"selectedHour01_01":1}}}
2025-04-23 16:13:38.248 [info]: 收到MQTT发布请求 {"topic":"/k214fOqXdly/Wechat/user/Wechat","rawMessage":"{\"combinedId\":\"station01_port01\",\"selectedHour\":1,\"Tem\":1}"}
2025-04-23 16:13:38.249 [info]: 解析消息内容 {"combinedId":"station01_port01","selectedHour":1,"Tem":1}
2025-04-23 16:13:38.249 [info]: 构建属性名 {"stationId":"01","portId":"01","temperatureKey":"Temperature01_01","hourKey":"selectedHour01_01"}
2025-04-23 16:13:38.250 [info]: MQTT消息发布成功 {"topic":"/k214fOqXdly/Wechat/user/Wechat","sendData":{"id":"1745396018249","version":"1.0","method":"thing.event.property.post","params":{"Temperature01_01":1,"selectedHour01_01":1}}}
2025-04-23 16:14:32.476 [info]: 收到MQTT发布请求 {"topic":"/k214fOqXdly/Wechat/user/Wechat","rawMessage":"{\"combinedId\":\"station01_port01\",\"selectedHour\":1,\"Tem\":1}"}
2025-04-23 16:14:32.477 [info]: 解析消息内容 {"combinedId":"station01_port01","selectedHour":1,"Tem":1}
2025-04-23 16:14:32.477 [info]: 构建属性名 {"stationId":"01","portId":"01","temperatureKey":"Temperature01_01","hourKey":"selectedHour01_01"}
2025-04-23 16:14:32.478 [info]: MQTT消息发布成功 {"topic":"/k214fOqXdly/Wechat/user/Wechat","sendData":{"id":"1745396072477","version":"1.0","method":"thing.event.property.post","params":{"Temperature01_01":1,"selectedHour01_01":1}}}
